<?xml version="1.0" encoding="utf-8"?><testsuites name="pytest tests"><testsuite name="pytest" errors="0" failures="2" skipped="0" tests="7" time="28.067" timestamp="2026-05-13T04:43:43.688595+00:00" hostname="agent-env-14defe98-6093-44ec-a01d-26aabd67ebaf"><testcase classname="backend.tests.test_iteration4.TestStats" name="test_root_kb_stats" time="0.368" /><testcase classname="backend.tests.test_iteration4.TestStats" name="test_ai_stats_faq_23" time="0.066" /><testcase classname="backend.tests.test_iteration4.TestVerifiedQueries" name="test_neurobridge" time="12.649"><failure message="AssertionError: assert 'https://gith...itaGeorge404/' == '/projects/neurobridge'&#10;  &#10;  - /projects/neurobridge&#10;  + https://github.com/AnitaGeorge404/">backend/tests/test_iteration4.py:55: in test_neurobridge
    assert d.get("closest_archive") == "/projects/neurobridge"
E   AssertionError: assert 'https://gith...itaGeorge404/' == '/projects/neurobridge'
E     
E     - /projects/neurobridge
E     + https://github.com/AnitaGeorge404/</failure></testcase><testcase classname="backend.tests.test_iteration4.TestVerifiedQueries" name="test_engineer_kind" time="2.704" /><testcase classname="backend.tests.test_iteration4.TestVerifiedQueries" name="test_hackathon_builds" time="4.032" /><testcase classname="backend.tests.test_iteration4.TestVerifiedQueries" name="test_people_also_ask_grounded" time="4.806" /><testcase classname="backend.tests.test_iteration4.TestVerifiedQueries" name="test_hallucination_guard_phd" time="3.352"><failure message="AssertionError: Hallucination guard failed: No, Anita does not have a PhD. She is currently a B.Tech Computer Science Engineering undergraduate at IIIT Kottayam, in the 2024–2028 batch, with a current GPA of 9.03/10.&#10;  &#10;  She has completed several professional certifications — IBM Full-Stack Backend Professional Certificate, Meta Frontend Profess&#10;assert False&#10; +  where False = &lt;built-in method startswith of str object at 0xabc9e47f1a20&gt;('I could not find enough verified information')&#10; +    where &lt;built-in method startswith of str object at 0xabc9e47f1a20&gt; = 'No, Anita does not have a PhD. She is currently a B.Tech Computer Science Engineering undergraduate at IIIT Kottayam, in the 2024–2028 batch, with a current GPA of 9.03/10.\n\nShe has completed several professional certifications — IBM Full-Stack Backend Professional Certificate, Meta Frontend Professional Certificate, and Google Data Analytics Certification — but these are industry skill certifications, not doctoral degrees.'.startswith">backend/tests/test_iteration4.py:93: in test_hallucination_guard_phd
    assert ans.startswith("I could not find enough verified information"), (
E   AssertionError: Hallucination guard failed: No, Anita does not have a PhD. She is currently a B.Tech Computer Science Engineering undergraduate at IIIT Kottayam, in the 2024–2028 batch, with a current GPA of 9.03/10.
E     
E     She has completed several professional certifications — IBM Full-Stack Backend Professional Certificate, Meta Frontend Profess
E   assert False
E    +  where False = &lt;built-in method startswith of str object at 0xabc9e47f1a20&gt;('I could not find enough verified information')
E    +    where &lt;built-in method startswith of str object at 0xabc9e47f1a20&gt; = 'No, Anita does not have a PhD. She is currently a B.Tech Computer Science Engineering undergraduate at IIIT Kottayam, in the 2024–2028 batch, with a current GPA of 9.03/10.\n\nShe has completed several professional certifications — IBM Full-Stack Backend Professional Certificate, Meta Frontend Professional Certificate, and Google Data Analytics Certification — but these are industry skill certifications, not doctoral degrees.'.startswith</failure></testcase></testsuite></testsuites>