<?xml version="1.0" encoding="utf-8"?><testsuites name="pytest tests"><testsuite name="pytest" errors="0" failures="0" skipped="0" tests="10" time="5.297" timestamp="2026-05-12T12:53:53.113805+00:00" hostname="agent-env-14defe98-6093-44ec-a01d-26aabd67ebaf"><testcase classname="backend.tests.test_ai_search.TestStatsAndRoot" name="test_root_returns_kb_stats" time="0.403" /><testcase classname="backend.tests.test_ai_search.TestStatsAndRoot" name="test_ai_stats" time="0.071" /><testcase classname="backend.tests.test_ai_search.TestAISearchGrounded" name="test_vanta_ai_query" time="0.323" /><testcase classname="backend.tests.test_ai_search.TestAISearchGrounded" name="test_graph_theory_query" time="0.263" /><testcase classname="backend.tests.test_ai_search.TestAISearchGrounded" name="test_unknown_topic_no_hallucination" time="3.712" /><testcase classname="backend.tests.test_ai_search.TestEasterEggs" name="test_midnight_thoughts" time="0.073" /><testcase classname="backend.tests.test_ai_search.TestEasterEggs" name="test_burnout" time="0.068" /><testcase classname="backend.tests.test_ai_search.TestEasterEggs" name="test_best_project" time="0.070" /><testcase classname="backend.tests.test_ai_search.TestEasterEggs" name="test_future" time="0.069" /><testcase classname="backend.tests.test_ai_search.TestEasterEggs" name="test_are_you_overwhelmed" time="0.076" /></testsuite></testsuites>