<?xml version="1.0" encoding="utf-8"?><testsuites name="pytest tests"><testsuite name="pytest" errors="0" failures="0" skipped="0" tests="9" time="27.521" timestamp="2026-05-23T05:18:54.088241+00:00" hostname="agent-env-14defe98-6093-44ec-a01d-26aabd67ebaf"><testcase classname="backend.tests.test_iteration5.TestKB" name="test_root_stats" time="0.190" /><testcase classname="backend.tests.test_iteration5.TestKB" name="test_ai_stats" time="0.045" /><testcase classname="backend.tests.test_iteration5.TestAIChat" name="test_chat_neurobridge" time="6.047" /><testcase classname="backend.tests.test_iteration5.TestAIChat" name="test_chat_graph_theory_delai" time="3.012" /><testcase classname="backend.tests.test_iteration5.TestAIChat" name="test_chat_out_of_scope" time="0.047" /><testcase classname="backend.tests.test_iteration5.TestAIChat" name="test_chat_search_post_same_shape" time="6.447" /><testcase classname="backend.tests.test_iteration5.TestAIChat" name="test_legacy_get_search" time="6.149" /><testcase classname="backend.tests.test_iteration5.TestMemory" name="test_memory_pronoun_resolution" time="4.095" /><testcase classname="backend.tests.test_iteration5.TestMemory" name="test_session_id_only_no_messages" time="1.415" /></testsuite></testsuites>