<?xml version="1.0" encoding="utf-8"?><testsuites name="pytest tests"><testsuite name="pytest" errors="0" failures="0" skipped="0" tests="6" time="26.256" timestamp="2026-05-12T13:07:58.102253+00:00" hostname="agent-env-14defe98-6093-44ec-a01d-26aabd67ebaf"><testcase classname="backend.tests.test_paa_iteration3.TestStats" name="test_faq_entries_count_is_20" time="0.379" /><testcase classname="backend.tests.test_paa_iteration3.TestPeopleAlsoAsk" name="test_graph_theory_paa" time="7.951" /><testcase classname="backend.tests.test_paa_iteration3.TestPeopleAlsoAsk" name="test_burnout_paa_and_easter_egg" time="0.074" /><testcase classname="backend.tests.test_paa_iteration3.TestPeopleAlsoAsk" name="test_vanta_ai_paa" time="8.617" /><testcase classname="backend.tests.test_paa_iteration3.TestPeopleAlsoAsk" name="test_anita_george_broad_query_default_paa" time="5.819" /><testcase classname="backend.tests.test_paa_iteration3.TestPeopleAlsoAsk" name="test_no_hallucination_on_unknown_topic" time="3.349" /></testsuite></testsuites>